<?xml version="1.0" encoding="UTF-8"?>
<testsuite name="com.apifest.oauth20.HttpRequestHandlerTest" tests="41" skipped="0" failures="4" errors="0" timestamp="2015-08-30T05:12:57" hostname="watano-PC" time="0.192">
  <properties/>
  <testcase name="when_get_scope_invoke_scope_service" classname="com.apifest.oauth20.HttpRequestHandlerTest" time="0.044"/>
  <testcase name="when_PUT_scope_invoke_updateScope_method" classname="com.apifest.oauth20.HttpRequestHandlerTest" time="0.014"/>
  <testcase name="when_handle_updateScope_invoke_scope_service_update" classname="com.apifest.oauth20.HttpRequestHandlerTest" time="0.002"/>
  <testcase name="when_GET_applications_with_active_status_query_params_return_client_apps_with_active_status" classname="com.apifest.oauth20.HttpRequestHandlerTest" time="0.03">
    <failure message="org.junit.ComparisonFailure: expected:&lt;...972e30503d3c724c8&quot;,&quot;[client_secret&quot;:&quot;&quot;,&quot;registered&quot;:&quot;&quot;,&quot;]status&quot;:1}]&gt; but was:&lt;...972e30503d3c724c8&quot;,&quot;[]status&quot;:1}]&gt;" type="org.junit.ComparisonFailure">org.junit.ComparisonFailure: expected:&lt;...972e30503d3c724c8&quot;,&quot;[client_secret&quot;:&quot;&quot;,&quot;registered&quot;:&quot;&quot;,&quot;]status&quot;:1}]&gt; but was:&lt;...972e30503d3c724c8&quot;,&quot;[]status&quot;:1}]&gt;
	at org.junit.Assert.assertEquals(Assert.java:115)
	at org.junit.Assert.assertEquals(Assert.java:144)
	at com.apifest.oauth20.HttpRequestHandlerTest.when_GET_applications_with_active_status_query_params_return_client_apps_with_active_status(HttpRequestHandlerTest.java:419)
	at sun.reflect.NativeMethodAccessorImpl.invoke0(Native Method)
	at sun.reflect.NativeMethodAccessorImpl.invoke(NativeMethodAccessorImpl.java:62)
	at sun.reflect.DelegatingMethodAccessorImpl.invoke(DelegatingMethodAccessorImpl.java:43)
	at java.lang.reflect.Method.invoke(Method.java:497)
	at org.junit.runners.model.FrameworkMethod$1.runReflectiveCall(FrameworkMethod.java:50)
	at org.junit.internal.runners.model.ReflectiveCallable.run(ReflectiveCallable.java:12)
	at org.junit.runners.model.FrameworkMethod.invokeExplosively(FrameworkMethod.java:47)
	at org.junit.internal.runners.statements.InvokeMethod.evaluate(InvokeMethod.java:17)
	at org.junit.internal.runners.statements.RunBefores.evaluate(RunBefores.java:26)
	at org.junit.runners.ParentRunner.runLeaf(ParentRunner.java:325)
	at org.junit.runners.BlockJUnit4ClassRunner.runChild(BlockJUnit4ClassRunner.java:78)
	at org.junit.runners.BlockJUnit4ClassRunner.runChild(BlockJUnit4ClassRunner.java:57)
	at org.junit.runners.ParentRunner$3.run(ParentRunner.java:290)
	at org.junit.runners.ParentRunner$1.schedule(ParentRunner.java:71)
	at org.junit.runners.ParentRunner.runChildren(ParentRunner.java:288)
	at org.junit.runners.ParentRunner.access$000(ParentRunner.java:58)
	at org.junit.runners.ParentRunner$2.evaluate(ParentRunner.java:268)
	at org.junit.runners.ParentRunner.run(ParentRunner.java:363)
	at org.gradle.api.internal.tasks.testing.junit.JUnitTestClassExecuter.runTestClass(JUnitTestClassExecuter.java:86)
	at org.gradle.api.internal.tasks.testing.junit.JUnitTestClassExecuter.execute(JUnitTestClassExecuter.java:49)
	at org.gradle.api.internal.tasks.testing.junit.JUnitTestClassProcessor.processTestClass(JUnitTestClassProcessor.java:64)
	at org.gradle.api.internal.tasks.testing.SuiteTestClassProcessor.processTestClass(SuiteTestClassProcessor.java:50)
	at sun.reflect.NativeMethodAccessorImpl.invoke0(Native Method)
	at sun.reflect.NativeMethodAccessorImpl.invoke(NativeMethodAccessorImpl.java:62)
	at sun.reflect.DelegatingMethodAccessorImpl.invoke(DelegatingMethodAccessorImpl.java:43)
	at java.lang.reflect.Method.invoke(Method.java:497)
	at org.gradle.messaging.dispatch.ReflectionDispatch.dispatch(ReflectionDispatch.java:35)
	at org.gradle.messaging.dispatch.ReflectionDispatch.dispatch(ReflectionDispatch.java:24)
	at org.gradle.messaging.dispatch.ContextClassLoaderDispatch.dispatch(ContextClassLoaderDispatch.java:32)
	at org.gradle.messaging.dispatch.ProxyDispatchAdapter$DispatchingInvocationHandler.invoke(ProxyDispatchAdapter.java:93)
	at com.sun.proxy.$Proxy2.processTestClass(Unknown Source)
	at org.gradle.api.internal.tasks.testing.worker.TestWorker.processTestClass(TestWorker.java:106)
	at sun.reflect.NativeMethodAccessorImpl.invoke0(Native Method)
	at sun.reflect.NativeMethodAccessorImpl.invoke(NativeMethodAccessorImpl.java:62)
	at sun.reflect.DelegatingMethodAccessorImpl.invoke(DelegatingMethodAccessorImpl.java:43)
	at java.lang.reflect.Method.invoke(Method.java:497)
	at org.gradle.messaging.dispatch.ReflectionDispatch.dispatch(ReflectionDispatch.java:35)
	at org.gradle.messaging.dispatch.ReflectionDispatch.dispatch(ReflectionDispatch.java:24)
	at org.gradle.messaging.remote.internal.hub.MessageHub$Handler.run(MessageHub.java:360)
	at org.gradle.internal.concurrent.ExecutorPolicy$CatchAndRecordFailures.onExecute(ExecutorPolicy.java:54)
	at org.gradle.internal.concurrent.StoppableExecutorImpl$1.run(StoppableExecutorImpl.java:40)
	at java.util.concurrent.ThreadPoolExecutor.runWorker(ThreadPoolExecutor.java:1142)
	at java.util.concurrent.ThreadPoolExecutor$Worker.run(ThreadPoolExecutor.java:617)
	at java.lang.Thread.run(Thread.java:745)
</failure>
  </testcase>
  <testcase name="when_DELETE_scope_invoke_handleDeleteScope" classname="com.apifest.oauth20.HttpRequestHandlerTest" time="0.001"/>
  <testcase name="when_handleGetClientApplication_with_non_existing_clientId_return_not_found_status" classname="com.apifest.oauth20.HttpRequestHandlerTest" time="0.001"/>
  <testcase name="when_get_tokens_and_user_id_is_empty_return_missing_param_user_id" classname="com.apifest.oauth20.HttpRequestHandlerTest" time="0.001"/>
  <testcase name="when_get_tokens_and_client_id_is_empty_return_missing_param_client_id" classname="com.apifest.oauth20.HttpRequestHandlerTest" time="0.0"/>
  <testcase name="when_get_tokens_invoke_get_token_by_user_and_client" classname="com.apifest.oauth20.HttpRequestHandlerTest" time="0.001"/>
  <testcase name="when_revoke_token_return_revoked_false_message" classname="com.apifest.oauth20.HttpRequestHandlerTest" time="0.001"/>
  <testcase name="when_get_tokens_and_client_id_is_null_return_missing_param_client_id" classname="com.apifest.oauth20.HttpRequestHandlerTest" time="0.001"/>
  <testcase name="when_OAuthException_return_response_with_exception_status" classname="com.apifest.oauth20.HttpRequestHandlerTest" time="0.002"/>
  <testcase name="when_uri_match_OAUTH_SCOPE_DELETE_PATTERN_delete_scope" classname="com.apifest.oauth20.HttpRequestHandlerTest" time="0.002"/>
  <testcase name="when_GET_applications_with_empty_status_query_params_return_all_client_apps" classname="com.apifest.oauth20.HttpRequestHandlerTest" time="0.006">
    <failure message="org.junit.ComparisonFailure: expected:&lt;[{&quot;[client_id&quot;:&quot;&quot;,&quot;client_secret&quot;:&quot;&quot;,&quot;registered&quot;:&quot;&quot;,&quot;]status&quot;:1}]&gt; but was:&lt;[{&quot;[]status&quot;:1}]&gt;" type="org.junit.ComparisonFailure">org.junit.ComparisonFailure: expected:&lt;[{&quot;[client_id&quot;:&quot;&quot;,&quot;client_secret&quot;:&quot;&quot;,&quot;registered&quot;:&quot;&quot;,&quot;]status&quot;:1}]&gt; but was:&lt;[{&quot;[]status&quot;:1}]&gt;
	at org.junit.Assert.assertEquals(Assert.java:115)
	at org.junit.Assert.assertEquals(Assert.java:144)
	at com.apifest.oauth20.HttpRequestHandlerTest.when_GET_applications_with_empty_status_query_params_return_all_client_apps(HttpRequestHandlerTest.java:460)
	at sun.reflect.NativeMethodAccessorImpl.invoke0(Native Method)
	at sun.reflect.NativeMethodAccessorImpl.invoke(NativeMethodAccessorImpl.java:62)
	at sun.reflect.DelegatingMethodAccessorImpl.invoke(DelegatingMethodAccessorImpl.java:43)
	at java.lang.reflect.Method.invoke(Method.java:497)
	at org.junit.runners.model.FrameworkMethod$1.runReflectiveCall(FrameworkMethod.java:50)
	at org.junit.internal.runners.model.ReflectiveCallable.run(ReflectiveCallable.java:12)
	at org.junit.runners.model.FrameworkMethod.invokeExplosively(FrameworkMethod.java:47)
	at org.junit.internal.runners.statements.InvokeMethod.evaluate(InvokeMethod.java:17)
	at org.junit.internal.runners.statements.RunBefores.evaluate(RunBefores.java:26)
	at org.junit.runners.ParentRunner.runLeaf(ParentRunner.java:325)
	at org.junit.runners.BlockJUnit4ClassRunner.runChild(BlockJUnit4ClassRunner.java:78)
	at org.junit.runners.BlockJUnit4ClassRunner.runChild(BlockJUnit4ClassRunner.java:57)
	at org.junit.runners.ParentRunner$3.run(ParentRunner.java:290)
	at org.junit.runners.ParentRunner$1.schedule(ParentRunner.java:71)
	at org.junit.runners.ParentRunner.runChildren(ParentRunner.java:288)
	at org.junit.runners.ParentRunner.access$000(ParentRunner.java:58)
	at org.junit.runners.ParentRunner$2.evaluate(ParentRunner.java:268)
	at org.junit.runners.ParentRunner.run(ParentRunner.java:363)
	at org.gradle.api.internal.tasks.testing.junit.JUnitTestClassExecuter.runTestClass(JUnitTestClassExecuter.java:86)
	at org.gradle.api.internal.tasks.testing.junit.JUnitTestClassExecuter.execute(JUnitTestClassExecuter.java:49)
	at org.gradle.api.internal.tasks.testing.junit.JUnitTestClassProcessor.processTestClass(JUnitTestClassProcessor.java:64)
	at org.gradle.api.internal.tasks.testing.SuiteTestClassProcessor.processTestClass(SuiteTestClassProcessor.java:50)
	at sun.reflect.NativeMethodAccessorImpl.invoke0(Native Method)
	at sun.reflect.NativeMethodAccessorImpl.invoke(NativeMethodAccessorImpl.java:62)
	at sun.reflect.DelegatingMethodAccessorImpl.invoke(DelegatingMethodAccessorImpl.java:43)
	at java.lang.reflect.Method.invoke(Method.java:497)
	at org.gradle.messaging.dispatch.ReflectionDispatch.dispatch(ReflectionDispatch.java:35)
	at org.gradle.messaging.dispatch.ReflectionDispatch.dispatch(ReflectionDispatch.java:24)
	at org.gradle.messaging.dispatch.ContextClassLoaderDispatch.dispatch(ContextClassLoaderDispatch.java:32)
	at org.gradle.messaging.dispatch.ProxyDispatchAdapter$DispatchingInvocationHandler.invoke(ProxyDispatchAdapter.java:93)
	at com.sun.proxy.$Proxy2.processTestClass(Unknown Source)
	at org.gradle.api.internal.tasks.testing.worker.TestWorker.processTestClass(TestWorker.java:106)
	at sun.reflect.NativeMethodAccessorImpl.invoke0(Native Method)
	at sun.reflect.NativeMethodAccessorImpl.invoke(NativeMethodAccessorImpl.java:62)
	at sun.reflect.DelegatingMethodAccessorImpl.invoke(DelegatingMethodAccessorImpl.java:43)
	at java.lang.reflect.Method.invoke(Method.java:497)
	at org.gradle.messaging.dispatch.ReflectionDispatch.dispatch(ReflectionDispatch.java:35)
	at org.gradle.messaging.dispatch.ReflectionDispatch.dispatch(ReflectionDispatch.java:24)
	at org.gradle.messaging.remote.internal.hub.MessageHub$Handler.run(MessageHub.java:360)
	at org.gradle.internal.concurrent.ExecutorPolicy$CatchAndRecordFailures.onExecute(ExecutorPolicy.java:54)
	at org.gradle.internal.concurrent.StoppableExecutorImpl$1.run(StoppableExecutorImpl.java:40)
	at java.util.concurrent.ThreadPoolExecutor.runWorker(ThreadPoolExecutor.java:1142)
	at java.util.concurrent.ThreadPoolExecutor$Worker.run(ThreadPoolExecutor.java:617)
	at java.lang.Thread.run(Thread.java:745)
</failure>
  </testcase>
  <testcase name="when_GET_application_with_clientId_invoke_handleGetClientApplication" classname="com.apifest.oauth20.HttpRequestHandlerTest" time="0.002"/>
  <testcase name="when_revoke_token_throws_exception_return_bad_request_message" classname="com.apifest.oauth20.HttpRequestHandlerTest" time="0.003"/>
  <testcase name="when_token_is_empty_do_not_try_to_validate_it" classname="com.apifest.oauth20.HttpRequestHandlerTest" time="0.001"/>
  <testcase name="when_GET_scope_invoke_handleGetScopes_method" classname="com.apifest.oauth20.HttpRequestHandlerTest" time="0.001"/>
  <testcase name="when_register_and_OAuth_exception_occurs_return_error" classname="com.apifest.oauth20.HttpRequestHandlerTest" time="0.001"/>
  <testcase name="when_register_scope_invoke_scope_service" classname="com.apifest.oauth20.HttpRequestHandlerTest" time="0.002"/>
  <testcase name="when_get_tokens_and_user_id_is_null_return_missing_param_user_id" classname="com.apifest.oauth20.HttpRequestHandlerTest" time="0.001"/>
  <testcase name="when_delete_scope_throws_exception_return_400_http_status" classname="com.apifest.oauth20.HttpRequestHandlerTest" time="0.001"/>
  <testcase name="when_token_is_null_do_not_try_to_validate_it" classname="com.apifest.oauth20.HttpRequestHandlerTest" time="0.0"/>
  <testcase name="when_GET_applications_with_not_valid_status_query_params_return_all_client_apps" classname="com.apifest.oauth20.HttpRequestHandlerTest" time="0.001">
    <failure message="org.junit.ComparisonFailure: expected:&lt;...972e30503d3c724c8&quot;,&quot;[client_secret&quot;:&quot;&quot;,&quot;registered&quot;:&quot;&quot;,&quot;]status&quot;:1}]&gt; but was:&lt;...972e30503d3c724c8&quot;,&quot;[]status&quot;:1}]&gt;" type="org.junit.ComparisonFailure">org.junit.ComparisonFailure: expected:&lt;...972e30503d3c724c8&quot;,&quot;[client_secret&quot;:&quot;&quot;,&quot;registered&quot;:&quot;&quot;,&quot;]status&quot;:1}]&gt; but was:&lt;...972e30503d3c724c8&quot;,&quot;[]status&quot;:1}]&gt;
	at org.junit.Assert.assertEquals(Assert.java:115)
	at org.junit.Assert.assertEquals(Assert.java:144)
	at com.apifest.oauth20.HttpRequestHandlerTest.when_GET_applications_with_not_valid_status_query_params_return_all_client_apps(HttpRequestHandlerTest.java:440)
	at sun.reflect.NativeMethodAccessorImpl.invoke0(Native Method)
	at sun.reflect.NativeMethodAccessorImpl.invoke(NativeMethodAccessorImpl.java:62)
	at sun.reflect.DelegatingMethodAccessorImpl.invoke(DelegatingMethodAccessorImpl.java:43)
	at java.lang.reflect.Method.invoke(Method.java:497)
	at org.junit.runners.model.FrameworkMethod$1.runReflectiveCall(FrameworkMethod.java:50)
	at org.junit.internal.runners.model.ReflectiveCallable.run(ReflectiveCallable.java:12)
	at org.junit.runners.model.FrameworkMethod.invokeExplosively(FrameworkMethod.java:47)
	at org.junit.internal.runners.statements.InvokeMethod.evaluate(InvokeMethod.java:17)
	at org.junit.internal.runners.statements.RunBefores.evaluate(RunBefores.java:26)
	at org.junit.runners.ParentRunner.runLeaf(ParentRunner.java:325)
	at org.junit.runners.BlockJUnit4ClassRunner.runChild(BlockJUnit4ClassRunner.java:78)
	at org.junit.runners.BlockJUnit4ClassRunner.runChild(BlockJUnit4ClassRunner.java:57)
	at org.junit.runners.ParentRunner$3.run(ParentRunner.java:290)
	at org.junit.runners.ParentRunner$1.schedule(ParentRunner.java:71)
	at org.junit.runners.ParentRunner.runChildren(ParentRunner.java:288)
	at org.junit.runners.ParentRunner.access$000(ParentRunner.java:58)
	at org.junit.runners.ParentRunner$2.evaluate(ParentRunner.java:268)
	at org.junit.runners.ParentRunner.run(ParentRunner.java:363)
	at org.gradle.api.internal.tasks.testing.junit.JUnitTestClassExecuter.runTestClass(JUnitTestClassExecuter.java:86)
	at org.gradle.api.internal.tasks.testing.junit.JUnitTestClassExecuter.execute(JUnitTestClassExecuter.java:49)
	at org.gradle.api.internal.tasks.testing.junit.JUnitTestClassProcessor.processTestClass(JUnitTestClassProcessor.java:64)
	at org.gradle.api.internal.tasks.testing.SuiteTestClassProcessor.processTestClass(SuiteTestClassProcessor.java:50)
	at sun.reflect.NativeMethodAccessorImpl.invoke0(Native Method)
	at sun.reflect.NativeMethodAccessorImpl.invoke(NativeMethodAccessorImpl.java:62)
	at sun.reflect.DelegatingMethodAccessorImpl.invoke(DelegatingMethodAccessorImpl.java:43)
	at java.lang.reflect.Method.invoke(Method.java:497)
	at org.gradle.messaging.dispatch.ReflectionDispatch.dispatch(ReflectionDispatch.java:35)
	at org.gradle.messaging.dispatch.ReflectionDispatch.dispatch(ReflectionDispatch.java:24)
	at org.gradle.messaging.dispatch.ContextClassLoaderDispatch.dispatch(ContextClassLoaderDispatch.java:32)
	at org.gradle.messaging.dispatch.ProxyDispatchAdapter$DispatchingInvocationHandler.invoke(ProxyDispatchAdapter.java:93)
	at com.sun.proxy.$Proxy2.processTestClass(Unknown Source)
	at org.gradle.api.internal.tasks.testing.worker.TestWorker.processTestClass(TestWorker.java:106)
	at sun.reflect.NativeMethodAccessorImpl.invoke0(Native Method)
	at sun.reflect.NativeMethodAccessorImpl.invoke(NativeMethodAccessorImpl.java:62)
	at sun.reflect.DelegatingMethodAccessorImpl.invoke(DelegatingMethodAccessorImpl.java:43)
	at java.lang.reflect.Method.invoke(Method.java:497)
	at org.gradle.messaging.dispatch.ReflectionDispatch.dispatch(ReflectionDispatch.java:35)
	at org.gradle.messaging.dispatch.ReflectionDispatch.dispatch(ReflectionDispatch.java:24)
	at org.gradle.messaging.remote.internal.hub.MessageHub$Handler.run(MessageHub.java:360)
	at org.gradle.internal.concurrent.ExecutorPolicy$CatchAndRecordFailures.onExecute(ExecutorPolicy.java:54)
	at org.gradle.internal.concurrent.StoppableExecutorImpl$1.run(StoppableExecutorImpl.java:40)
	at java.util.concurrent.ThreadPoolExecutor.runWorker(ThreadPoolExecutor.java:1142)
	at java.util.concurrent.ThreadPoolExecutor$Worker.run(ThreadPoolExecutor.java:617)
	at java.lang.Thread.run(Thread.java:745)
</failure>
  </testcase>
  <testcase name="when_oauth20_delete_contains_invalid_scope_return_not_found_response" classname="com.apifest.oauth20.HttpRequestHandlerTest" time="0.001"/>
  <testcase name="when_oauth20_delete_contains_scope_extract_scope_name" classname="com.apifest.oauth20.HttpRequestHandlerTest" time="0.0"/>
  <testcase name="when_GET_applications_invoke_handleGetAllClientApplications" classname="com.apifest.oauth20.HttpRequestHandlerTest" time="0.001"/>
  <testcase name="when_register_and_JSON_exception_occurs_return_error" classname="com.apifest.oauth20.HttpRequestHandlerTest" time="0.031">
    <failure message="org.junit.ComparisonFailure: expected:&lt;{&quot;[callbacks&quot;:[{&quot;handler&quot;:{&quot;invocationContainer&quot;:{&quot;invocations&quot;:[],&quot;stubbedInvocations&quot;:[]},&quot;mockSettings&quot;:{&quot;defaultAnswer&quot;:{},&quot;invocationListeners&quot;:[],&quot;mockName&quot;:{&quot;surrogate&quot;:true},&quot;serializable&quot;:false}}},{}]]}&gt; but was:&lt;{&quot;[error&quot;: &quot;cannot issue client_id and client_secret&quot;]}&gt;" type="org.junit.ComparisonFailure">org.junit.ComparisonFailure: expected:&lt;{&quot;[callbacks&quot;:[{&quot;handler&quot;:{&quot;invocationContainer&quot;:{&quot;invocations&quot;:[],&quot;stubbedInvocations&quot;:[]},&quot;mockSettings&quot;:{&quot;defaultAnswer&quot;:{},&quot;invocationListeners&quot;:[],&quot;mockName&quot;:{&quot;surrogate&quot;:true},&quot;serializable&quot;:false}}},{}]]}&gt; but was:&lt;{&quot;[error&quot;: &quot;cannot issue client_id and client_secret&quot;]}&gt;
	at org.junit.Assert.assertEquals(Assert.java:115)
	at org.junit.Assert.assertEquals(Assert.java:144)
	at com.apifest.oauth20.HttpRequestHandlerTest.when_register_and_JSON_exception_occurs_return_error(HttpRequestHandlerTest.java:128)
	at sun.reflect.NativeMethodAccessorImpl.invoke0(Native Method)
	at sun.reflect.NativeMethodAccessorImpl.invoke(NativeMethodAccessorImpl.java:62)
	at sun.reflect.DelegatingMethodAccessorImpl.invoke(DelegatingMethodAccessorImpl.java:43)
	at java.lang.reflect.Method.invoke(Method.java:497)
	at org.junit.runners.model.FrameworkMethod$1.runReflectiveCall(FrameworkMethod.java:50)
	at org.junit.internal.runners.model.ReflectiveCallable.run(ReflectiveCallable.java:12)
	at org.junit.runners.model.FrameworkMethod.invokeExplosively(FrameworkMethod.java:47)
	at org.junit.internal.runners.statements.InvokeMethod.evaluate(InvokeMethod.java:17)
	at org.junit.internal.runners.statements.RunBefores.evaluate(RunBefores.java:26)
	at org.junit.runners.ParentRunner.runLeaf(ParentRunner.java:325)
	at org.junit.runners.BlockJUnit4ClassRunner.runChild(BlockJUnit4ClassRunner.java:78)
	at org.junit.runners.BlockJUnit4ClassRunner.runChild(BlockJUnit4ClassRunner.java:57)
	at org.junit.runners.ParentRunner$3.run(ParentRunner.java:290)
	at org.junit.runners.ParentRunner$1.schedule(ParentRunner.java:71)
	at org.junit.runners.ParentRunner.runChildren(ParentRunner.java:288)
	at org.junit.runners.ParentRunner.access$000(ParentRunner.java:58)
	at org.junit.runners.ParentRunner$2.evaluate(ParentRunner.java:268)
	at org.junit.runners.ParentRunner.run(ParentRunner.java:363)
	at org.gradle.api.internal.tasks.testing.junit.JUnitTestClassExecuter.runTestClass(JUnitTestClassExecuter.java:86)
	at org.gradle.api.internal.tasks.testing.junit.JUnitTestClassExecuter.execute(JUnitTestClassExecuter.java:49)
	at org.gradle.api.internal.tasks.testing.junit.JUnitTestClassProcessor.processTestClass(JUnitTestClassProcessor.java:64)
	at org.gradle.api.internal.tasks.testing.SuiteTestClassProcessor.processTestClass(SuiteTestClassProcessor.java:50)
	at sun.reflect.NativeMethodAccessorImpl.invoke0(Native Method)
	at sun.reflect.NativeMethodAccessorImpl.invoke(NativeMethodAccessorImpl.java:62)
	at sun.reflect.DelegatingMethodAccessorImpl.invoke(DelegatingMethodAccessorImpl.java:43)
	at java.lang.reflect.Method.invoke(Method.java:497)
	at org.gradle.messaging.dispatch.ReflectionDispatch.dispatch(ReflectionDispatch.java:35)
	at org.gradle.messaging.dispatch.ReflectionDispatch.dispatch(ReflectionDispatch.java:24)
	at org.gradle.messaging.dispatch.ContextClassLoaderDispatch.dispatch(ContextClassLoaderDispatch.java:32)
	at org.gradle.messaging.dispatch.ProxyDispatchAdapter$DispatchingInvocationHandler.invoke(ProxyDispatchAdapter.java:93)
	at com.sun.proxy.$Proxy2.processTestClass(Unknown Source)
	at org.gradle.api.internal.tasks.testing.worker.TestWorker.processTestClass(TestWorker.java:106)
	at sun.reflect.NativeMethodAccessorImpl.invoke0(Native Method)
	at sun.reflect.NativeMethodAccessorImpl.invoke(NativeMethodAccessorImpl.java:62)
	at sun.reflect.DelegatingMethodAccessorImpl.invoke(DelegatingMethodAccessorImpl.java:43)
	at java.lang.reflect.Method.invoke(Method.java:497)
	at org.gradle.messaging.dispatch.ReflectionDispatch.dispatch(ReflectionDispatch.java:35)
	at org.gradle.messaging.dispatch.ReflectionDispatch.dispatch(ReflectionDispatch.java:24)
	at org.gradle.messaging.remote.internal.hub.MessageHub$Handler.run(MessageHub.java:360)
	at org.gradle.internal.concurrent.ExecutorPolicy$CatchAndRecordFailures.onExecute(ExecutorPolicy.java:54)
	at org.gradle.internal.concurrent.StoppableExecutorImpl$1.run(StoppableExecutorImpl.java:40)
	at java.util.concurrent.ThreadPoolExecutor.runWorker(ThreadPoolExecutor.java:1142)
	at java.util.concurrent.ThreadPoolExecutor$Worker.run(ThreadPoolExecutor.java:617)
	at java.lang.Thread.run(Thread.java:745)
</failure>
  </testcase>
  <testcase name="when_GET_applications_with_active_status_query_params_and_no_active_app_return_empty_list" classname="com.apifest.oauth20.HttpRequestHandlerTest" time="0.011"/>
  <testcase name="when_revoke_token_return_revoked_true_message" classname="com.apifest.oauth20.HttpRequestHandlerTest" time="0.001"/>
  <testcase name="when_POST_scope_invoke_handleRegisterScope_method" classname="com.apifest.oauth20.HttpRequestHandlerTest" time="0.002"/>
  <testcase name="when_delete_scope_NOK_return_200_with_NOK_message" classname="com.apifest.oauth20.HttpRequestHandlerTest" time="0.002"/>
  <testcase name="when_content_type_is_not_application_form_urlencoded_on_post_tokens_return_400_and_unsupported_metida_type" classname="com.apifest.oauth20.HttpRequestHandlerTest" time="0.002"/>
  <testcase name="when_PUT_applications_invoke_handleUpdateClientApp" classname="com.apifest.oauth20.HttpRequestHandlerTest" time="0.001"/>
  <testcase name="when_GET_application_with_clientId_invoke_get_application_with_client_id" classname="com.apifest.oauth20.HttpRequestHandlerTest" time="0.002"/>
  <testcase name="when_register_invoke_issue_client_credentials" classname="com.apifest.oauth20.HttpRequestHandlerTest" time="0.007"/>
  <testcase name="when_POST_applications_invoke_handleRegister" classname="com.apifest.oauth20.HttpRequestHandlerTest" time="0.001"/>
  <testcase name="when_uri_does_not_match_OAUTH_SCOPE_DELETE_PATTERN_return_not_found" classname="com.apifest.oauth20.HttpRequestHandlerTest" time="0.001"/>
  <testcase name="when_revoke_token_and_oauth_exception_return_error_response" classname="com.apifest.oauth20.HttpRequestHandlerTest" time="0.001"/>
  <testcase name="when_get_tokens_client_id_invalid_return_invalid_client_id" classname="com.apifest.oauth20.HttpRequestHandlerTest" time="0.001"/>
  <testcase name="when_get_tokens_request_invoke_handleGetTokens_method" classname="com.apifest.oauth20.HttpRequestHandlerTest" time="0.001"/>
  <system-out><![CDATA[]]></system-out>
  <system-err><![CDATA[]]></system-err>
</testsuite>
